<?xml version="1.0" encoding="UTF-8"?>
<testng-results ignored="0" total="5" passed="5" failed="0" skipped="0">
  <reporter-output>
  </reporter-output>
  <suite started-at="2022-04-18T14:23:13Z" name="Default suite" finished-at="2022-04-18T14:24:14Z" duration-ms="61315">
    <groups>
    </groups>
    <test started-at="2022-04-18T14:23:13Z" name="Default test" finished-at="2022-04-18T14:24:14Z" duration-ms="61315">
      <class name="tests.CreateOrderFromStoreFrontTest">
        <test-method is-config="true" signature="StartDriver()[pri:0, instance:tests.CreateOrderFromStoreFrontTest@6853425f]" started-at="2022-04-18T14:22:42Z" name="StartDriver" finished-at="2022-04-18T14:23:13Z" duration-ms="30687" status="PASS">
          <reporter-output>
          </reporter-output>
        </test-method> <!-- StartDriver -->
        <test-method signature="selectProduct(java.lang.String)[pri:1, instance:tests.CreateOrderFromStoreFrontTest@6853425f]" started-at="2022-04-18T14:23:13Z" name="selectProduct" data-provider="productSearchData" finished-at="2022-04-18T14:23:31Z" duration-ms="17474" status="PASS">
          <params>
            <param index="0">
              <value>
                <![CDATA[iphone]]>
              </value>
            </param>
          </params>
          <reporter-output>
          </reporter-output>
        </test-method> <!-- selectProduct -->
        <test-method signature="addProduct()[pri:2, instance:tests.CreateOrderFromStoreFrontTest@6853425f]" started-at="2022-04-18T14:23:31Z" name="addProduct" finished-at="2022-04-18T14:23:47Z" duration-ms="16160" status="PASS">
          <reporter-output>
          </reporter-output>
        </test-method> <!-- addProduct -->
        <test-method signature="continueToShipping(java.lang.String, java.lang.String, java.lang.String, java.lang.String, java.lang.String, java.lang.String)[pri:3, instance:tests.CreateOrderFromStoreFrontTest@6853425f]" started-at="2022-04-18T14:23:47Z" name="continueToShipping" data-provider="checkoutData" finished-at="2022-04-18T14:23:53Z" duration-ms="5848" status="PASS">
          <params>
            <param index="0">
              <value>
                <![CDATA[01005582222]]>
              </value>
            </param>
            <param index="1">
              <value>
                <![CDATA[sahar]]>
              </value>
            </param>
            <param index="2">
              <value>
                <![CDATA[63]]>
              </value>
            </param>
            <param index="3">
              <value>
                <![CDATA[1008]]>
              </value>
            </param>
            <param index="4">
              <value>
                <![CDATA[st test]]>
              </value>
            </param>
            <param index="5">
              <value>
                <![CDATA[1234]]>
              </value>
            </param>
          </params>
          <reporter-output>
          </reporter-output>
        </test-method> <!-- continueToShipping -->
        <test-method signature="completeOrder()[pri:4, instance:tests.CreateOrderFromStoreFrontTest@6853425f]" started-at="2022-04-18T14:23:53Z" name="completeOrder" finished-at="2022-04-18T14:24:11Z" duration-ms="18316" status="PASS">
          <reporter-output>
          </reporter-output>
        </test-method> <!-- completeOrder -->
        <test-method signature="orderSuccessMsg()[pri:5, instance:tests.CreateOrderFromStoreFrontTest@6853425f]" started-at="2022-04-18T14:24:11Z" name="orderSuccessMsg" finished-at="2022-04-18T14:24:14Z" duration-ms="3477" status="PASS">
          <reporter-output>
          </reporter-output>
        </test-method> <!-- orderSuccessMsg -->
        <test-method is-config="true" signature="teardown()[pri:0, instance:tests.CreateOrderFromStoreFrontTest@6853425f]" started-at="2022-04-18T14:24:14Z" name="teardown" finished-at="2022-04-18T14:24:14Z" duration-ms="0" status="PASS">
          <reporter-output>
          </reporter-output>
        </test-method> <!-- teardown -->
      </class> <!-- tests.CreateOrderFromStoreFrontTest -->
    </test> <!-- Default test -->
  </suite> <!-- Default suite -->
</testng-results>
